                    ; COR24 Assembly - Generated by wasm2cor24
                    ; Supports: i32.add, i32.sub, i32.and, i32.or, i32.xor
                    ;           i32.const, local.get, local.set
                    
                    ; Function: main
                    ; Signature: () -> void
0000:               main:
0000: 6A                     push    fp
0001: 4C                     mov     fp, sp
0002: 21 FD                  add     sp, -3
0004: 44 00                  lc      r0, 0
0006: 8A 00                  sw      r0, 0(fp)
0008:               .L0:
0008: 44 00                  lc      r0, 0
000A: 93 00                  lw      r1, 0(fp)
000C: 2B 00 00 FF            la      r2, 0xFF0000
0010: 02                     add     r0, r2
0011: 88 00                  sb      r1, 0(r0)
0013: 92 00                  lw      r0, 0(fp)
0015: 45 01                  lc      r1, 1
0017: 01                     add     r0, r1
0018: 8A 00                  sw      r0, 0(fp)
001A: 13 EC                  bra     .L0
001C:               .L1:
001C: 53                     mov     sp, fp
001D: 76                     pop     fp
001E: C7 00 00 00            halt                ; return (use jmp (r1) for real calls)
                    
                    ; Function: add
                    ; Signature: (I32, I32) -> I32
0022:               add:
0022: 6A                     push    fp
0023: 4C                     mov     fp, sp
0024: 21 FA                  add     sp, -6
0026: 8A 00                  sw      r0, 0(fp)
0028: 8B 03                  sw      r1, 3(fp)
002A: 92 03                  lw      r0, 3(fp)
002C: 93 00                  lw      r1, 0(fp)
002E: 01                     add     r0, r1
002F: 53                     mov     sp, fp
0030: 76                     pop     fp
0031: C7 00 00 00            halt                ; return (use jmp (r1) for real calls)
                    
